<?xml version="1.0" encoding="UTF-8"?>
<testsuites name="Express1-1" time="140" tests="1" failures="0" errors="0">
   <testsuite name="Express1-1" tests="1" failures="0" errors="0" time="140" timestamp="2019-01-24 15:59:24" hostname="Administrator - DESKTOP-OGOHDN0" id="Test Suites/Express1-1">
      <properties>
         <property name="deviceName" value=""/>
         <property name="devicePlatform" value=""/>
         <property name="logFolder" value="C:\\Users\\Administrator\\Katalon Studio\\Example\\Reports\\Express1-1\\20190124_155913"/>
         <property name="logFiles" value="C:\\Users\\Administrator\\Katalon Studio\\Example\\Reports\\Express1-1\\20190124_155913\\execution0.log"/>
         <property name="attachments" value="C:\\Users\\Administrator\\Desktop\\CAPTURA EXPRESS\\express1-1-envios.png"/>
         <property name="hostName" value="Administrator - DESKTOP-OGOHDN0"/>
         <property name="os" value="Windows 10 64bit"/>
         <property name="katalonVersion" value="5.10.1.1"/>
         <property name="browser" value="Chrome 71.0.3578.98"/>
         <property name="hostAddress" value="192.168.7.1"/>
         <property name="sessionId" value="8b6d0d21b1d11d2fd60ccca15cdc242e"/>
         <property name="seleniumVersion" value="3.7.1"/>
         <property name="proxyInformation" value="ProxyInformation{proxyOption=NO_PROXY, proxyServerType=HTTP, password=, proxyServerAddress=, proxyServerPort=0}"/>
         <property name="platform" value="Windows 10"/>
      </properties>
      <testcase name="Test Cases/Express/Expres1-1/Express1-1" classname="Test Cases/Express/Expres1-1/Express1-1" status="PASSED">
         <system-out><![CDATA[2019-01-24 15:59:25 - [TEST_CASE][PASSED] - Test Cases/Express/Expres1-1/Express1-1: Test Cases/Express/Expres1-1/Express1-1

2019-01-24 15:59:27 - [TEST_STEP][PASSED] - openBrowser("https://mario.chazki.com/#/", STOP_ON_FAILURE): Browser is opened with url: 'https://mario.chazki.com/#/'

2019-01-24 15:59:28 - [MESSAGE][INFO] - Starting 'Chrome' driver

2019-01-24 15:59:28 - [MESSAGE][INFO] - Action delay is set to 0 seconds

2019-01-24 15:59:41 - [MESSAGE][PASSED] - Browser is opened with url: 'https://mario.chazki.com/#/'

2019-01-24 15:59:42 - [TEST_STEP][PASSED] - setText(findTestObject("LoginMario/LoginPage_Chazki/input_envos_emailLogin"), "barriga@gmail.com"): Text 'barriga@gmail.com' is set on object 'Object Repository/LoginMario/LoginPage_Chazki/input_envos_emailLogin'

2019-01-24 15:59:43 - [MESSAGE][PASSED] - Text 'barriga@gmail.com' is set on object 'Object Repository/LoginMario/LoginPage_Chazki/input_envos_emailLogin'

2019-01-24 15:59:43 - [TEST_STEP][PASSED] - setText(findTestObject("LoginMario/LoginPage_Chazki/input_Campo requerido_password"), "tutu102"): Text 'tutu102' is set on object 'Object Repository/LoginMario/LoginPage_Chazki/input_Campo requerido_password'

2019-01-24 15:59:44 - [MESSAGE][PASSED] - Text 'tutu102' is set on object 'Object Repository/LoginMario/LoginPage_Chazki/input_Campo requerido_password'

2019-01-24 15:59:44 - [TEST_STEP][PASSED] - click(findTestObject("LoginMario/LoginPage_Chazki/button_Ingresar")): Object: 'Object Repository/LoginMario/LoginPage_Chazki/button_Ingresar' is clicked on

2019-01-24 15:59:44 - [MESSAGE][PASSED] - Object: 'Object Repository/LoginMario/LoginPage_Chazki/button_Ingresar' is clicked on

2019-01-24 15:59:44 - [TEST_STEP][PASSED] - delay(5): Delayed 5 second(s)

2019-01-24 15:59:49 - [MESSAGE][PASSED] - Delayed 5 second(s)

2019-01-24 15:59:49 - [TEST_STEP][PASSED] - verifyElementText(findTestObject("Express_Chazki/span_luis chavez"), "barriga barriga"): Actual text and expected text of test object 'Object Repository/Express_Chazki/span_luis chavez' are matched.

2019-01-24 15:59:56 - [MESSAGE][PASSED] - Actual text and expected text of test object 'Object Repository/Express_Chazki/span_luis chavez' are matched.

2019-01-24 15:59:56 - [TEST_STEP][PASSED] - delay(5): Delayed 5 second(s)

2019-01-24 16:00:01 - [MESSAGE][PASSED] - Delayed 5 second(s)

2019-01-24 16:00:01 - [TEST_STEP][PASSED] - sendKeys(findTestObject("Express_Chazki/Recojo/ContactoRecojo"), "MARIELA"): Keys 'MARIELA' sent to object: 'Object Repository/Express_Chazki/Recojo/ContactoRecojo'

2019-01-24 16:00:02 - [MESSAGE][PASSED] - Keys 'MARIELA' sent to object: 'Object Repository/Express_Chazki/Recojo/ContactoRecojo'

2019-01-24 16:00:02 - [TEST_STEP][PASSED] - sendKeys(findTestObject("Express_Chazki/Recojo/TelefonoRecojo"), "963258741"): Keys '963258741' sent to object: 'Object Repository/Express_Chazki/Recojo/TelefonoRecojo'

2019-01-24 16:00:02 - [MESSAGE][PASSED] - Keys '963258741' sent to object: 'Object Repository/Express_Chazki/Recojo/TelefonoRecojo'

2019-01-24 16:00:02 - [TEST_STEP][PASSED] - delay(5): Delayed 5 second(s)

2019-01-24 16:00:07 - [MESSAGE][PASSED] - Delayed 5 second(s)

2019-01-24 16:00:07 - [TEST_STEP][PASSED] - sendKeys(findTestObject("Express_Chazki/Recojo/DireccionRecojo"), "los jardines de "): Keys 'los jardines de ' sent to object: 'Object Repository/Express_Chazki/Recojo/DireccionRecojo'

2019-01-24 16:00:08 - [MESSAGE][PASSED] - Keys 'los jardines de ' sent to object: 'Object Repository/Express_Chazki/Recojo/DireccionRecojo'

2019-01-24 16:00:08 - [TEST_STEP][PASSED] - delay(5): Delayed 5 second(s)

2019-01-24 16:00:13 - [MESSAGE][PASSED] - Delayed 5 second(s)

2019-01-24 16:00:13 - [TEST_STEP][PASSED] - sendKeys(findTestObject("Express_Chazki/Recojo/DireccionRecojo"), Keys.chord(ARROW_DOWN, ENTER)): Keys 'DOWN + ENTER + ' sent to object: 'Object Repository/Express_Chazki/Recojo/DireccionRecojo'

2019-01-24 16:00:13 - [MESSAGE][PASSED] - Keys 'DOWN + ENTER + ' sent to object: 'Object Repository/Express_Chazki/Recojo/DireccionRecojo'

2019-01-24 16:00:13 - [TEST_STEP][PASSED] - delay(10): Delayed 10 second(s)

2019-01-24 16:00:24 - [MESSAGE][PASSED] - Delayed 10 second(s)

2019-01-24 16:00:24 - [TEST_STEP][PASSED] - setText(findTestObject("Express_Chazki/Entrega/Entrega0/ContactoEntrega-0"), "carlos"): Text 'carlos' is set on object 'Object Repository/Express_Chazki/Entrega/Entrega0/ContactoEntrega-0'

2019-01-24 16:00:24 - [MESSAGE][PASSED] - Text 'carlos' is set on object 'Object Repository/Express_Chazki/Entrega/Entrega0/ContactoEntrega-0'

2019-01-24 16:00:24 - [TEST_STEP][PASSED] - delay(5): Delayed 5 second(s)

2019-01-24 16:00:29 - [MESSAGE][PASSED] - Delayed 5 second(s)

2019-01-24 16:00:29 - [TEST_STEP][PASSED] - setText(findTestObject("Express_Chazki/Entrega/Entrega0/TelefonoEntrega-0"), "999046712"): Text '999046712' is set on object 'Object Repository/Express_Chazki/Entrega/Entrega0/TelefonoEntrega-0'

2019-01-24 16:00:30 - [MESSAGE][PASSED] - Text '999046712' is set on object 'Object Repository/Express_Chazki/Entrega/Entrega0/TelefonoEntrega-0'

2019-01-24 16:00:30 - [TEST_STEP][PASSED] - delay(5): Delayed 5 second(s)

2019-01-24 16:00:35 - [MESSAGE][PASSED] - Delayed 5 second(s)

2019-01-24 16:00:35 - [TEST_STEP][PASSED] - sendKeys(findTestObject("Express_Chazki/Entrega/Entrega0/DireccionEntrega-0"), "avenida la molina"): Keys 'avenida la molina' sent to object: 'Object Repository/Express_Chazki/Entrega/Entrega0/DireccionEntrega-0'

2019-01-24 16:00:36 - [MESSAGE][PASSED] - Keys 'avenida la molina' sent to object: 'Object Repository/Express_Chazki/Entrega/Entrega0/DireccionEntrega-0'

2019-01-24 16:00:36 - [TEST_STEP][PASSED] - delay(5): Delayed 5 second(s)

2019-01-24 16:00:41 - [MESSAGE][PASSED] - Delayed 5 second(s)

2019-01-24 16:00:41 - [TEST_STEP][PASSED] - sendKeys(findTestObject("Express_Chazki/Entrega/Entrega0/DireccionEntrega-0"), Keys.chord(ARROW_DOWN, ENTER)): Keys 'DOWN + ENTER + ' sent to object: 'Object Repository/Express_Chazki/Entrega/Entrega0/DireccionEntrega-0'

2019-01-24 16:00:42 - [MESSAGE][PASSED] - Keys 'DOWN + ENTER + ' sent to object: 'Object Repository/Express_Chazki/Entrega/Entrega0/DireccionEntrega-0'

2019-01-24 16:00:42 - [TEST_STEP][PASSED] - delay(5): Delayed 5 second(s)

2019-01-24 16:00:47 - [MESSAGE][PASSED] - Delayed 5 second(s)

2019-01-24 16:00:47 - [TEST_STEP][PASSED] - click(findTestObject("Express_Chazki/ConfirmarOrden/button_No")): Object: 'Object Repository/Express_Chazki/ConfirmarOrden/button_No' is clicked on

2019-01-24 16:00:47 - [MESSAGE][PASSED] - Object: 'Object Repository/Express_Chazki/ConfirmarOrden/button_No' is clicked on

2019-01-24 16:00:47 - [TEST_STEP][PASSED] - delay(5): Delayed 5 second(s)

2019-01-24 16:00:52 - [MESSAGE][PASSED] - Delayed 5 second(s)

2019-01-24 16:00:52 - [TEST_STEP][PASSED] - sendKeys(findTestObject("Express_Chazki/Entrega/Entrega0/ProductoEntrega-0"), "celular"): Keys 'celular' sent to object: 'Object Repository/Express_Chazki/Entrega/Entrega0/ProductoEntrega-0'

2019-01-24 16:00:53 - [MESSAGE][PASSED] - Keys 'celular' sent to object: 'Object Repository/Express_Chazki/Entrega/Entrega0/ProductoEntrega-0'

2019-01-24 16:00:53 - [TEST_STEP][PASSED] - click(findTestObject("Express_Chazki/ConfirmarOrden/button_PEDIR")): Object: 'Object Repository/Express_Chazki/ConfirmarOrden/button_PEDIR' is clicked on

2019-01-24 16:00:53 - [MESSAGE][PASSED] - Object: 'Object Repository/Express_Chazki/ConfirmarOrden/button_PEDIR' is clicked on

2019-01-24 16:00:53 - [TEST_STEP][PASSED] - delay(5): Delayed 5 second(s)

2019-01-24 16:00:58 - [MESSAGE][PASSED] - Delayed 5 second(s)

2019-01-24 16:00:58 - [TEST_STEP][PASSED] - click(findTestObject("Express_Chazki/ConfirmarOrden/button_Si")): Object: 'Object Repository/Express_Chazki/ConfirmarOrden/button_Si' is clicked on

2019-01-24 16:00:59 - [MESSAGE][PASSED] - Object: 'Object Repository/Express_Chazki/ConfirmarOrden/button_Si' is clicked on

2019-01-24 16:00:59 - [TEST_STEP][PASSED] - delay(20): Delayed 20 second(s)

2019-01-24 16:01:19 - [MESSAGE][PASSED] - Delayed 20 second(s)

2019-01-24 16:01:19 - [TEST_STEP][PASSED] - click(findTestObject("VerificarPrecioyKilometraje/MIS ENVIOS")): Object: 'Object Repository/VerificarPrecioyKilometraje/MIS ENVIOS' is clicked on

2019-01-24 16:01:19 - [MESSAGE][PASSED] - Object: 'Object Repository/VerificarPrecioyKilometraje/MIS ENVIOS' is clicked on

2019-01-24 16:01:19 - [TEST_STEP][PASSED] - delay(20): Delayed 20 second(s)

2019-01-24 16:01:40 - [MESSAGE][PASSED] - Delayed 20 second(s)

2019-01-24 16:01:40 - [TEST_STEP][PASSED] - takeScreenshot("C:\Users\Administrator\Desktop\CAPTURA EXPRESS\express1-1-envios.png"): Taking screenshot successfully

2019-01-24 16:01:41 - [MESSAGE][PASSED] - Taking screenshot successfully
[[ATTACHMENT|C:\\Users\\Administrator\\Desktop\\CAPTURA EXPRESS\\express1-1-envios.png]]]]></system-out>
         <system-err><![CDATA[]]></system-err>
      </testcase>
      <system-out><![CDATA[2019-01-24 15:59:24 - [TEST_SUITE][PASSED] - Express1-1: Test Cases/Express/Expres1-1/Express1-1]]></system-out>
      <system-err><![CDATA[]]></system-err>
   </testsuite>
</testsuites>
