<?xml version="1.0" encoding="UTF-8"?>
<testsuites name="LoginCSV" time="25" tests="2" failures="0" errors="0">
   <testsuite name="LoginCSV" tests="2" failures="0" errors="0" time="25" timestamp="2019-01-17 14:48:50" hostname="Administrator - DESKTOP-OGOHDN0" id="Test Suites/LoginCSV">
      <properties>
         <property name="deviceName" value=""/>
         <property name="devicePlatform" value=""/>
         <property name="logFolder" value="C:\\Users\\Administrator\\Katalon Studio\\Example\\Reports\\LoginCSV\\20190117_144845"/>
         <property name="logFiles" value="C:\\Users\\Administrator\\Katalon Studio\\Example\\Reports\\LoginCSV\\20190117_144845\\execution0.log"/>
         <property name="attachments" value=""/>
         <property name="hostName" value="Administrator - DESKTOP-OGOHDN0"/>
         <property name="os" value="Windows 10 64bit"/>
         <property name="katalonVersion" value="5.10.1.1"/>
         <property name="browser" value="Chrome 71.0.3578.98"/>
         <property name="hostAddress" value="192.168.88.98"/>
         <property name="sessionId" value="307762857e6cccb72573567c89e074e3"/>
         <property name="seleniumVersion" value="3.7.1"/>
         <property name="proxyInformation" value="ProxyInformation{proxyOption=NO_PROXY, proxyServerType=HTTP, password=, proxyServerAddress=, proxyServerPort=0}"/>
         <property name="platform" value="Windows 10"/>
      </properties>
      <testcase name="Test Cases/INICIAR SESION/LoginCSV" classname="Test Cases/INICIAR SESION/LoginCSV" status="PASSED">
         <system-out><![CDATA[2019-01-17 14:48:51 - [TEST_CASE][PASSED] - Test Cases/INICIAR SESION/LoginCSV: Test Cases/INICIAR SESION/LoginCSV

2019-01-17 14:48:53 - [TEST_STEP][PASSED] - openBrowser("https://mario.chazki.com/#/", STOP_ON_FAILURE): Browser is opened with url: 'https://mario.chazki.com/#/'

2019-01-17 14:48:53 - [MESSAGE][INFO] - Starting 'Chrome' driver

2019-01-17 14:48:53 - [MESSAGE][INFO] - Action delay is set to 0 seconds

2019-01-17 14:49:03 - [MESSAGE][PASSED] - Browser is opened with url: 'https://mario.chazki.com/#/'

2019-01-17 14:49:03 - [TEST_STEP][PASSED] - setText(findTestObject("LoginMario/LoginPage_Chazki/input_envos_emailLogin"), Username): Text 'kalu@gmail.com' is set on object 'Object Repository/LoginMario/LoginPage_Chazki/input_envos_emailLogin'

2019-01-17 14:49:04 - [MESSAGE][PASSED] - Text 'kalu@gmail.com' is set on object 'Object Repository/LoginMario/LoginPage_Chazki/input_envos_emailLogin'

2019-01-17 14:49:04 - [TEST_STEP][PASSED] - setText(findTestObject("LoginMario/LoginPage_Chazki/input_Campo requerido_password"), Password): Text 'tutu102' is set on object 'Object Repository/LoginMario/LoginPage_Chazki/input_Campo requerido_password'

2019-01-17 14:49:04 - [MESSAGE][PASSED] - Text 'tutu102' is set on object 'Object Repository/LoginMario/LoginPage_Chazki/input_Campo requerido_password'

2019-01-17 14:49:04 - [TEST_STEP][PASSED] - click(findTestObject("LoginMario/LoginPage_Chazki/button_Ingresar")): Object: 'Object Repository/LoginMario/LoginPage_Chazki/button_Ingresar' is clicked on

2019-01-17 14:49:05 - [MESSAGE][PASSED] - Object: 'Object Repository/LoginMario/LoginPage_Chazki/button_Ingresar' is clicked on]]></system-out>
         <system-err><![CDATA[]]></system-err>
      </testcase>
      <testcase name="Test Cases/INICIAR SESION/LoginCSV" classname="Test Cases/INICIAR SESION/LoginCSV" status="PASSED">
         <system-out><![CDATA[2019-01-17 14:49:05 - [TEST_CASE][PASSED] - Test Cases/INICIAR SESION/LoginCSV: Test Cases/INICIAR SESION/LoginCSV

2019-01-17 14:49:05 - [TEST_STEP][PASSED] - openBrowser("https://mario.chazki.com/#/", STOP_ON_FAILURE): Browser is opened with url: 'https://mario.chazki.com/#/'

2019-01-17 14:49:05 - [MESSAGE][WARNING] - A browser is already opened. Closing browser and opening a new one

2019-01-17 14:49:06 - [MESSAGE][INFO] - Starting 'Chrome' driver

2019-01-17 14:49:14 - [MESSAGE][PASSED] - Browser is opened with url: 'https://mario.chazki.com/#/'

2019-01-17 14:49:14 - [TEST_STEP][PASSED] - setText(findTestObject("LoginMario/LoginPage_Chazki/input_envos_emailLogin"), Username): Text 'kanu@gmail.com' is set on object 'Object Repository/LoginMario/LoginPage_Chazki/input_envos_emailLogin'

2019-01-17 14:49:14 - [MESSAGE][PASSED] - Text 'kanu@gmail.com' is set on object 'Object Repository/LoginMario/LoginPage_Chazki/input_envos_emailLogin'

2019-01-17 14:49:14 - [TEST_STEP][PASSED] - setText(findTestObject("LoginMario/LoginPage_Chazki/input_Campo requerido_password"), Password): Text 'tutu102' is set on object 'Object Repository/LoginMario/LoginPage_Chazki/input_Campo requerido_password'

2019-01-17 14:49:15 - [MESSAGE][PASSED] - Text 'tutu102' is set on object 'Object Repository/LoginMario/LoginPage_Chazki/input_Campo requerido_password'

2019-01-17 14:49:15 - [TEST_STEP][PASSED] - click(findTestObject("LoginMario/LoginPage_Chazki/button_Ingresar")): Object: 'Object Repository/LoginMario/LoginPage_Chazki/button_Ingresar' is clicked on

2019-01-17 14:49:15 - [MESSAGE][PASSED] - Object: 'Object Repository/LoginMario/LoginPage_Chazki/button_Ingresar' is clicked on]]></system-out>
         <system-err><![CDATA[]]></system-err>
      </testcase>
      <system-out><![CDATA[2019-01-17 14:48:50 - [TEST_SUITE][PASSED] - LoginCSV: Test Cases/INICIAR SESION/LoginCSV]]></system-out>
      <system-err><![CDATA[]]></system-err>
   </testsuite>
</testsuites>
